# JRE version: Java(TM) SE Runtime Environment (17.0.13+10) (build 17.0.13+10-LTS-268)
# Java VM: Java HotSpot(TM) 64-Bit Server VM (17.0.13+10-LTS-268, mixed mode, sharing, tiered, compressed oops, compressed class ptrs, g1 gc, windows-amd64)
GC Precious Log:
 CPUs: 16 total, 16 available
 Memory: 15613M
 Large Page Support: Disabled
 NUMA Support: Disabled
 Compressed Oops: Enabled (32-bit)
 Heap Region Size: 1M
 Heap Min Capacity: 8M
 Heap Initial Capacity: 244M
 Heap Max Capacity: 2G
 Pre-touch: Disabled
 Parallel Workers: 13
 Concurrent Workers: 3
 Concurrent Refinement Workers: 13
 Periodic GC: Disabled
Heap:
 garbage-first heap   total 307200K, used 173863K [0x0000000080000000, 0x0000000100000000)
  region size 1024K, 3 young (3072K), 1 survivors (1024K)
 Metaspace       used 157524K, committed 158528K, reserved 1245184K
  class space    used 20045K, committed 20544K, reserved 1048576K
GC Heap History (20 events):
Event: 50.722 GC heap before
{Heap before GC invocations=61 (full 0):
 garbage-first heap   total 288768K, used 240658K [0x0000000080000000, 0x0000000100000000)
  region size 1024K, 78 young (79872K), 1 survivors (1024K)
 Metaspace       used 142610K, committed 143616K, reserved 1179648K
  class space    used 18216K, committed 18688K, reserved 1048576K
}
Event: 50.726 GC heap after
{Heap after GC invocations=62 (full 0):
 garbage-first heap   total 288768K, used 164238K [0x0000000080000000, 0x0000000100000000)
  region size 1024K, 5 young (5120K), 5 survivors (5120K)
 Metaspace       used 142610K, committed 143616K, reserved 1179648K
  class space    used 18216K, committed 18688K, reserved 1048576K
}
Event: 50.832 GC heap before
{Heap before GC invocations=62 (full 0):
 garbage-first heap   total 288768K, used 173454K [0x0000000080000000, 0x0000000100000000)
  region size 1024K, 14 young (14336K), 5 survivors (5120K)
 Metaspace       used 144010K, committed 144960K, reserved 1179648K
  class space    used 18358K, committed 18816K, reserved 1048576K
}
Event: 50.835 GC heap after
{Heap after GC invocations=63 (full 0):
 garbage-first heap   total 288768K, used 162622K [0x0000000080000000, 0x0000000100000000)
  region size 1024K, 1 young (1024K), 1 survivors (1024K)
 Metaspace       used 144010K, committed 144960K, reserved 1179648K
  class space    used 18358K, committed 18816K, reserved 1048576K
}
Event: 51.252 GC heap before
{Heap before GC invocations=63 (full 0):
 garbage-first heap   total 288768K, used 239422K [0x0000000080000000, 0x0000000100000000)
  region size 1024K, 76 young (77824K), 1 survivors (1024K)
 Metaspace       used 145245K, committed 146176K, reserved 1179648K
  class space    used 18442K, committed 18880K, reserved 1048576K
}
Event: 51.254 GC heap after
{Heap after GC invocations=64 (full 0):
 garbage-first heap   total 288768K, used 164514K [0x0000000080000000, 0x0000000100000000)
  region size 1024K, 3 young (3072K), 3 survivors (3072K)
 Metaspace       used 145245K, committed 146176K, reserved 1179648K
  class space    used 18442K, committed 18880K, reserved 1048576K
}
Event: 52.720 GC heap before
{Heap before GC invocations=65 (full 0):
 garbage-first heap   total 288768K, used 242338K [0x0000000080000000, 0x0000000100000000)
  region size 1024K, 79 young (80896K), 3 survivors (3072K)
 Metaspace       used 145714K, committed 146688K, reserved 1179648K
  class space    used 18481K, committed 18944K, reserved 1048576K
}
Event: 52.724 GC heap after
{Heap after GC invocations=66 (full 0):
 garbage-first heap   total 288768K, used 170270K [0x0000000080000000, 0x0000000100000000)
  region size 1024K, 9 young (9216K), 9 survivors (9216K)
 Metaspace       used 145714K, committed 146688K, reserved 1179648K
  class space    used 18481K, committed 18944K, reserved 1048576K
}
Event: 52.739 GC heap before
{Heap before GC invocations=66 (full 0):
 garbage-first heap   total 288768K, used 175390K [0x0000000080000000, 0x0000000100000000)
  region size 1024K, 14 young (14336K), 9 survivors (9216K)
 Metaspace       used 145752K, committed 146752K, reserved 1179648K
  class space    used 18481K, committed 18944K, reserved 1048576K
}
Event: 52.742 GC heap after
{Heap after GC invocations=67 (full 0):
 garbage-first heap   total 288768K, used 169434K [0x0000000080000000, 0x0000000100000000)
  region size 1024K, 2 young (2048K), 2 survivors (2048K)
 Metaspace       used 145752K, committed 146752K, reserved 1179648K
  class space    used 18481K, committed 18944K, reserved 1048576K
}
Event: 53.212 GC heap before
{Heap before GC invocations=67 (full 0):
 garbage-first heap   total 288768K, used 240090K [0x0000000080000000, 0x0000000100000000)
  region size 1024K, 71 young (72704K), 2 survivors (2048K)
 Metaspace       used 146380K, committed 147392K, reserved 1179648K
  class space    used 18512K, committed 19008K, reserved 1048576K
}
Event: 53.217 GC heap after
{Heap after GC invocations=68 (full 0):
 garbage-first heap   total 288768K, used 177012K [0x0000000080000000, 0x0000000100000000)
  region size 1024K, 9 young (9216K), 9 survivors (9216K)
 Metaspace       used 146380K, committed 147392K, reserved 1179648K
  class space    used 18512K, committed 19008K, reserved 1048576K
}
Event: 54.693 GC heap before
{Heap before GC invocations=69 (full 0):
 garbage-first heap   total 302080K, used 240500K [0x0000000080000000, 0x0000000100000000)
  region size 1024K, 71 young (72704K), 9 survivors (9216K)
 Metaspace       used 150685K, committed 151680K, reserved 1245184K
  class space    used 18946K, committed 19456K, reserved 1048576K
}
Event: 54.697 GC heap after
{Heap after GC invocations=70 (full 0):
 garbage-first heap   total 302080K, used 181939K [0x0000000080000000, 0x0000000100000000)
  region size 1024K, 5 young (5120K), 5 survivors (5120K)
 Metaspace       used 150685K, committed 151680K, reserved 1245184K
  class space    used 18946K, committed 19456K, reserved 1048576K
}
Event: 54.859 GC heap before
{Heap before GC invocations=70 (full 0):
 garbage-first heap   total 302080K, used 191155K [0x0000000080000000, 0x0000000100000000)
  region size 1024K, 14 young (14336K), 5 survivors (5120K)
 Metaspace       used 151283K, committed 152256K, reserved 1245184K
  class space    used 19026K, committed 19520K, reserved 1048576K
}
Event: 54.862 GC heap after
{Heap after GC invocations=71 (full 0):
 garbage-first heap   total 302080K, used 180999K [0x0000000080000000, 0x0000000100000000)
  region size 1024K, 2 young (2048K), 2 survivors (2048K)
 Metaspace       used 151283K, committed 152256K, reserved 1245184K
  class space    used 19026K, committed 19520K, reserved 1048576K
}
Event: 54.927 GC heap before
{Heap before GC invocations=71 (full 0):
 garbage-first heap   total 302080K, used 187143K [0x0000000080000000, 0x0000000100000000)
  region size 1024K, 9 young (9216K), 2 survivors (2048K)
 Metaspace       used 151712K, committed 152768K, reserved 1245184K
  class space    used 19090K, committed 19584K, reserved 1048576K
}
Event: 54.930 GC heap after
{Heap after GC invocations=72 (full 0):
 garbage-first heap   total 302080K, used 180633K [0x0000000080000000, 0x0000000100000000)
  region size 1024K, 1 young (1024K), 1 survivors (1024K)
 Metaspace       used 151712K, committed 152768K, reserved 1245184K
  class space    used 19090K, committed 19584K, reserved 1048576K
}
Event: 57.285 GC heap before
{Heap before GC invocations=73 (full 0):
 garbage-first heap   total 307200K, used 251289K [0x0000000080000000, 0x0000000100000000)
  region size 1024K, 73 young (74752K), 1 survivors (1024K)
 Metaspace       used 156701K, committed 157696K, reserved 1245184K
  class space    used 19916K, committed 20416K, reserved 1048576K
}
Event: 57.288 GC heap after
{Heap after GC invocations=74 (full 0):
 garbage-first heap   total 307200K, used 178310K [0x0000000080000000, 0x0000000100000000)
  region size 1024K, 3 young (3072K), 3 survivors (3072K)
 Metaspace       used 156701K, committed 157696K, reserved 1245184K
  class space    used 19916K, committed 20416K, reserved 1048576K
}

